autoscan: warning: missing AC_CHECK_FUNCS([atexit]) wanted by: 
	passmanager.c:249
	passmanager.c:250
	src/passmanager.c:248
	src/passmanager.c:249
autoscan: warning: missing AC_CHECK_FUNCS([strcasecmp]) wanted by: 
	passmanager.c:2348
	passmanager.c:2348
	passmanager.c:2348
	passmanager.c:2376
	passmanager.c:2376
	passmanager.c:2376
	src/passmanager.c:2347
	src/passmanager.c:2347
	src/passmanager.c:2347
	src/passmanager.c:2375
	src/passmanager.c:2375
	src/passmanager.c:2375
autoscan: warning: missing AC_FUNC_FORK wanted by: 
	passmanager.c:3075
	src/passmanager.c:3074
autoscan: warning: missing AC_TYPE_PID_T wanted by: 
	passmanager.c:3045
	src/passmanager.c:3044
autoscan: warning: missing AC_TYPE_UID_T wanted by: 
	passmanager.c:3204
	passmanager.c:3236
	src/passmanager.c:3203
	src/passmanager.c:3235
	passmanager.c:3205
	passmanager.c:3221
	src/passmanager.c:3204
	src/passmanager.c:3220
