This file contains any messages produced by compilers while
running configure, to aid debugging if configure makes a mistake.

It was created by passmanager configure 2.0.0, which was
generated by GNU Autoconf 2.69.  Invocation command line was

  $ ./configure 

## --------- ##
## Platform. ##
## --------- ##

hostname = AMD
uname -m = x86_64
uname -r = 4.13.0-43-generic
uname -s = Linux
uname -v = #48~16.04.1-Ubuntu SMP Thu May 17 12:56:46 UTC 2018

/usr/bin/uname -p = unknown
/bin/uname -X     = unknown

/bin/arch              = unknown
/usr/bin/arch -k       = unknown
/usr/convex/getsysinfo = unknown
/usr/bin/hostinfo      = unknown
/bin/machine           = unknown
/usr/bin/oslevel       = unknown
/bin/universe          = unknown

PATH: /home/kenny/bin
PATH: /usr/local/sbin
PATH: /usr/local/bin
PATH: /usr/sbin
PATH: /usr/bin
PATH: /sbin
PATH: /bin
PATH: /usr/games
PATH: /usr/local/games


## ----------- ##
## Core tests. ##
## ----------- ##

configure:2255: checking for a BSD-compatible install
configure:2323: result: /usr/bin/install -c
configure:2334: checking whether build environment is sane
configure:2389: result: yes
configure:2540: checking for a thread-safe mkdir -p
configure:2579: result: /bin/mkdir -p
configure:2586: checking for gawk
configure:2602: found /usr/bin/gawk
configure:2613: result: gawk
configure:2624: checking whether make sets $(MAKE)
configure:2646: result: yes
configure:2675: checking whether make supports nested variables
configure:2692: result: yes
configure:2821: checking whether to enable maintainer-specific portions of Makefiles
configure:2830: result: no
configure:2893: checking for gcc
configure:2909: found /usr/bin/gcc
configure:2920: result: gcc
configure:3149: checking for C compiler version
configure:3158: gcc --version >&5
gcc (Ubuntu 5.4.0-6ubuntu1~16.04.10) 5.4.0 20160609
Copyright (C) 2015 Free Software Foundation, Inc.
This is free software; see the source for copying conditions.  There is NO
warranty; not even for MERCHANTABILITY or FITNESS FOR A PARTICULAR PURPOSE.

configure:3169: $? = 0
configure:3158: gcc -v >&5
Using built-in specs.
COLLECT_GCC=gcc
COLLECT_LTO_WRAPPER=/usr/lib/gcc/x86_64-linux-gnu/5/lto-wrapper
Target: x86_64-linux-gnu
Configured with: ../src/configure -v --with-pkgversion='Ubuntu 5.4.0-6ubuntu1~16.04.10' --with-bugurl=file:///usr/share/doc/gcc-5/README.Bugs --enable-languages=c,ada,c++,java,go,d,fortran,objc,obj-c++ --prefix=/usr --program-suffix=-5 --enable-shared --enable-linker-build-id --libexecdir=/usr/lib --without-included-gettext --enable-threads=posix --libdir=/usr/lib --enable-nls --with-sysroot=/ --enable-clocale=gnu --enable-libstdcxx-debug --enable-libstdcxx-time=yes --with-default-libstdcxx-abi=new --enable-gnu-unique-object --disable-vtable-verify --enable-libmpx --enable-plugin --with-system-zlib --disable-browser-plugin --enable-java-awt=gtk --enable-gtk-cairo --with-java-home=/usr/lib/jvm/java-1.5.0-gcj-5-amd64/jre --enable-java-home --with-jvm-root-dir=/usr/lib/jvm/java-1.5.0-gcj-5-amd64 --with-jvm-jar-dir=/usr/lib/jvm-exports/java-1.5.0-gcj-5-amd64 --with-arch-directory=amd64 --with-ecj-jar=/usr/share/java/eclipse-ecj.jar --enable-objc-gc --enable-multiarch --disable-werror --with-arch-32=i686 --with-abi=m64 --with-multilib-list=m32,m64,mx32 --enable-multilib --with-tune=generic --enable-checking=release --build=x86_64-linux-gnu --host=x86_64-linux-gnu --target=x86_64-linux-gnu
Thread model: posix
gcc version 5.4.0 20160609 (Ubuntu 5.4.0-6ubuntu1~16.04.10) 
configure:3169: $? = 0
configure:3158: gcc -V >&5
gcc: error: unrecognized command line option '-V'
gcc: fatal error: no input files
compilation terminated.
configure:3169: $? = 1
configure:3158: gcc -qversion >&5
gcc: error: unrecognized command line option '-qversion'
gcc: fatal error: no input files
compilation terminated.
configure:3169: $? = 1
configure:3189: checking whether the C compiler works
configure:3211: gcc    conftest.c  >&5
configure:3215: $? = 0
configure:3263: result: yes
configure:3266: checking for C compiler default output file name
configure:3268: result: a.out
configure:3274: checking for suffix of executables
configure:3281: gcc -o conftest    conftest.c  >&5
configure:3285: $? = 0
configure:3307: result: 
configure:3329: checking whether we are cross compiling
configure:3337: gcc -o conftest    conftest.c  >&5
configure:3341: $? = 0
configure:3348: ./conftest
configure:3352: $? = 0
configure:3367: result: no
configure:3372: checking for suffix of object files
configure:3394: gcc -c   conftest.c >&5
configure:3398: $? = 0
configure:3419: result: o
configure:3423: checking whether we are using the GNU C compiler
configure:3442: gcc -c   conftest.c >&5
configure:3442: $? = 0
configure:3451: result: yes
configure:3460: checking whether gcc accepts -g
configure:3480: gcc -c -g  conftest.c >&5
configure:3480: $? = 0
configure:3521: result: yes
configure:3538: checking for gcc option to accept ISO C89
configure:3601: gcc  -c -g -O2  conftest.c >&5
configure:3601: $? = 0
configure:3614: result: none needed
configure:3639: checking whether gcc understands -c and -o together
configure:3661: gcc -c conftest.c -o conftest2.o
configure:3664: $? = 0
configure:3661: gcc -c conftest.c -o conftest2.o
configure:3664: $? = 0
configure:3676: result: yes
configure:3704: checking for style of include used by make
configure:3732: result: GNU
configure:3758: checking dependency style of gcc
configure:3869: result: gcc3
configure:3887: checking for main in -lcrypto
configure:3906: gcc -o conftest -g -O2   conftest.c -lcrypto   >&5
configure:3906: $? = 0
configure:3915: result: yes
configure:3928: checking for CRYPTO_new_ex_data in -lcrypto
configure:3953: gcc -o conftest -g -O2   conftest.c -lcrypto  -lcrypto  >&5
configure:3953: $? = 0
configure:3962: result: yes
configure:3976: checking for OPENSSL_init_ssl in -lssl
configure:4001: gcc -o conftest -g -O2   conftest.c -lssl  -lcrypto -lcrypto  >&5
/tmp/ccgQhaSu.o: In function `main':
/home/kenny/passmanager-automake/conftest.c:24: undefined reference to `OPENSSL_init_ssl'
collect2: error: ld returned 1 exit status
configure:4001: $? = 1
configure: failed program was:
| /* confdefs.h */
| #define PACKAGE_NAME "passmanager"
| #define PACKAGE_TARNAME "passmanager"
| #define PACKAGE_VERSION "2.0.0"
| #define PACKAGE_STRING "passmanager 2.0.0"
| #define PACKAGE_BUGREPORT ""
| #define PACKAGE_URL ""
| #define PACKAGE "passmanager"
| #define VERSION "2.0.0"
| #define HAVE_LIBCRYPTO 1
| #define HAVE_LIBCRYPTO 1
| /* end confdefs.h.  */
| 
| /* Override any GCC internal prototype to avoid an error.
|    Use char because int might match the return type of a GCC
|    builtin and then its argument prototype would still apply.  */
| #ifdef __cplusplus
| extern "C"
| #endif
| char OPENSSL_init_ssl ();
| int
| main ()
| {
| return OPENSSL_init_ssl ();
|   ;
|   return 0;
| }
configure:4010: result: no
configure:4016: checking for SSL_library_init in -lssl
configure:4041: gcc -o conftest -g -O2   conftest.c -lssl  -lcrypto -lcrypto  >&5
configure:4041: $? = 0
configure:4050: result: yes
configure:4242: checking how to run the C preprocessor
configure:4273: gcc -E  conftest.c
configure:4273: $? = 0
configure:4287: gcc -E  conftest.c
conftest.c:13:28: fatal error: ac_nonexistent.h: No such file or directory
compilation terminated.
configure:4287: $? = 1
configure: failed program was:
| /* confdefs.h */
| #define PACKAGE_NAME "passmanager"
| #define PACKAGE_TARNAME "passmanager"
| #define PACKAGE_VERSION "2.0.0"
| #define PACKAGE_STRING "passmanager 2.0.0"
| #define PACKAGE_BUGREPORT ""
| #define PACKAGE_URL ""
| #define PACKAGE "passmanager"
| #define VERSION "2.0.0"
| #define HAVE_LIBCRYPTO 1
| #define HAVE_LIBCRYPTO 1
| /* end confdefs.h.  */
| #include <ac_nonexistent.h>
configure:4312: result: gcc -E
configure:4332: gcc -E  conftest.c
configure:4332: $? = 0
configure:4346: gcc -E  conftest.c
conftest.c:13:28: fatal error: ac_nonexistent.h: No such file or directory
compilation terminated.
configure:4346: $? = 1
configure: failed program was:
| /* confdefs.h */
| #define PACKAGE_NAME "passmanager"
| #define PACKAGE_TARNAME "passmanager"
| #define PACKAGE_VERSION "2.0.0"
| #define PACKAGE_STRING "passmanager 2.0.0"
| #define PACKAGE_BUGREPORT ""
| #define PACKAGE_URL ""
| #define PACKAGE "passmanager"
| #define VERSION "2.0.0"
| #define HAVE_LIBCRYPTO 1
| #define HAVE_LIBCRYPTO 1
| /* end confdefs.h.  */
| #include <ac_nonexistent.h>
configure:4375: checking for grep that handles long lines and -e
configure:4433: result: /bin/grep
configure:4438: checking for egrep
configure:4500: result: /bin/grep -E
configure:4505: checking for ANSI C header files
configure:4525: gcc -c -g -O2  conftest.c >&5
configure:4525: $? = 0
configure:4598: gcc -o conftest -g -O2   conftest.c -lcrypto -lcrypto  >&5
configure:4598: $? = 0
configure:4598: ./conftest
configure:4598: $? = 0
configure:4609: result: yes
configure:4622: checking for sys/types.h
configure:4622: gcc -c -g -O2  conftest.c >&5
configure:4622: $? = 0
configure:4622: result: yes
configure:4622: checking for sys/stat.h
configure:4622: gcc -c -g -O2  conftest.c >&5
configure:4622: $? = 0
configure:4622: result: yes
configure:4622: checking for stdlib.h
configure:4622: gcc -c -g -O2  conftest.c >&5
configure:4622: $? = 0
configure:4622: result: yes
configure:4622: checking for string.h
configure:4622: gcc -c -g -O2  conftest.c >&5
configure:4622: $? = 0
configure:4622: result: yes
configure:4622: checking for memory.h
configure:4622: gcc -c -g -O2  conftest.c >&5
configure:4622: $? = 0
configure:4622: result: yes
configure:4622: checking for strings.h
configure:4622: gcc -c -g -O2  conftest.c >&5
configure:4622: $? = 0
configure:4622: result: yes
configure:4622: checking for inttypes.h
configure:4622: gcc -c -g -O2  conftest.c >&5
configure:4622: $? = 0
configure:4622: result: yes
configure:4622: checking for stdint.h
configure:4622: gcc -c -g -O2  conftest.c >&5
configure:4622: $? = 0
configure:4622: result: yes
configure:4622: checking for unistd.h
configure:4622: gcc -c -g -O2  conftest.c >&5
configure:4622: $? = 0
configure:4622: result: yes
configure:4637: checking limits.h usability
configure:4637: gcc -c -g -O2  conftest.c >&5
configure:4637: $? = 0
configure:4637: result: yes
configure:4637: checking limits.h presence
configure:4637: gcc -E  conftest.c
configure:4637: $? = 0
configure:4637: result: yes
configure:4637: checking for limits.h
configure:4637: result: yes
configure:4637: checking for stdlib.h
configure:4637: result: yes
configure:4637: checking for string.h
configure:4637: result: yes
configure:4637: checking termios.h usability
configure:4637: gcc -c -g -O2  conftest.c >&5
configure:4637: $? = 0
configure:4637: result: yes
configure:4637: checking termios.h presence
configure:4637: gcc -E  conftest.c
configure:4637: $? = 0
configure:4637: result: yes
configure:4637: checking for termios.h
configure:4637: result: yes
configure:4637: checking for unistd.h
configure:4637: result: yes
configure:4649: checking for inline
configure:4665: gcc -c -g -O2  conftest.c >&5
configure:4665: $? = 0
configure:4673: result: inline
configure:4691: checking for size_t
configure:4691: gcc -c -g -O2  conftest.c >&5
configure:4691: $? = 0
configure:4691: gcc -c -g -O2  conftest.c >&5
conftest.c: In function 'main':
conftest.c:64:21: error: expected expression before ')' token
 if (sizeof ((size_t)))
                     ^
configure:4691: $? = 1
configure: failed program was:
| /* confdefs.h */
| #define PACKAGE_NAME "passmanager"
| #define PACKAGE_TARNAME "passmanager"
| #define PACKAGE_VERSION "2.0.0"
| #define PACKAGE_STRING "passmanager 2.0.0"
| #define PACKAGE_BUGREPORT ""
| #define PACKAGE_URL ""
| #define PACKAGE "passmanager"
| #define VERSION "2.0.0"
| #define HAVE_LIBCRYPTO 1
| #define HAVE_LIBCRYPTO 1
| #define STDC_HEADERS 1
| #define HAVE_SYS_TYPES_H 1
| #define HAVE_SYS_STAT_H 1
| #define HAVE_STDLIB_H 1
| #define HAVE_STRING_H 1
| #define HAVE_MEMORY_H 1
| #define HAVE_STRINGS_H 1
| #define HAVE_INTTYPES_H 1
| #define HAVE_STDINT_H 1
| #define HAVE_UNISTD_H 1
| #define HAVE_LIMITS_H 1
| #define HAVE_STDLIB_H 1
| #define HAVE_STRING_H 1
| #define HAVE_TERMIOS_H 1
| #define HAVE_UNISTD_H 1
| /* end confdefs.h.  */
| #include <stdio.h>
| #ifdef HAVE_SYS_TYPES_H
| # include <sys/types.h>
| #endif
| #ifdef HAVE_SYS_STAT_H
| # include <sys/stat.h>
| #endif
| #ifdef STDC_HEADERS
| # include <stdlib.h>
| # include <stddef.h>
| #else
| # ifdef HAVE_STDLIB_H
| #  include <stdlib.h>
| # endif
| #endif
| #ifdef HAVE_STRING_H
| # if !defined STDC_HEADERS && defined HAVE_MEMORY_H
| #  include <memory.h>
| # endif
| # include <string.h>
| #endif
| #ifdef HAVE_STRINGS_H
| # include <strings.h>
| #endif
| #ifdef HAVE_INTTYPES_H
| # include <inttypes.h>
| #endif
| #ifdef HAVE_STDINT_H
| # include <stdint.h>
| #endif
| #ifdef HAVE_UNISTD_H
| # include <unistd.h>
| #endif
| int
| main ()
| {
| if (sizeof ((size_t)))
| 	    return 0;
|   ;
|   return 0;
| }
configure:4691: result: yes
configure:4706: checking for stdlib.h
configure:4706: result: yes
configure:4716: checking for GNU libc compatible malloc
configure:4740: gcc -o conftest -g -O2   conftest.c -lcrypto -lcrypto  >&5
configure:4740: $? = 0
configure:4740: ./conftest
configure:4740: $? = 0
configure:4750: result: yes
configure:4773: checking for stdlib.h
configure:4773: result: yes
configure:4783: checking for GNU libc compatible realloc
configure:4807: gcc -o conftest -g -O2   conftest.c -lcrypto -lcrypto  >&5
configure:4807: $? = 0
configure:4807: ./conftest
configure:4807: $? = 0
configure:4817: result: yes
configure:4841: checking for getpass
configure:4841: gcc -o conftest -g -O2   conftest.c -lcrypto -lcrypto  >&5
configure:4841: $? = 0
configure:4841: result: yes
configure:4841: checking for memset
configure:4841: gcc -o conftest -g -O2   conftest.c -lcrypto -lcrypto  >&5
conftest.c:56:6: warning: conflicting types for built-in function 'memset'
 char memset ();
      ^
configure:4841: $? = 0
configure:4841: result: yes
configure:4963: checking that generated files are newer than configure
configure:4969: result: done
configure:4996: creating ./config.status

## ---------------------- ##
## Running config.status. ##
## ---------------------- ##

This file was extended by passmanager config.status 2.0.0, which was
generated by GNU Autoconf 2.69.  Invocation command line was

  CONFIG_FILES    = 
  CONFIG_HEADERS  = 
  CONFIG_LINKS    = 
  CONFIG_COMMANDS = 
  $ ./config.status 

on AMD

config.status:869: creating Makefile
config.status:869: creating config.h
config.status:1098: executing depfiles commands

## ---------------- ##
## Cache variables. ##
## ---------------- ##

ac_cv_c_compiler_gnu=yes
ac_cv_c_inline=inline
ac_cv_env_CC_set=
ac_cv_env_CC_value=
ac_cv_env_CFLAGS_set=
ac_cv_env_CFLAGS_value=
ac_cv_env_CPPFLAGS_set=
ac_cv_env_CPPFLAGS_value=
ac_cv_env_CPP_set=
ac_cv_env_CPP_value=
ac_cv_env_LDFLAGS_set=
ac_cv_env_LDFLAGS_value=
ac_cv_env_LIBS_set=
ac_cv_env_LIBS_value=
ac_cv_env_build_alias_set=
ac_cv_env_build_alias_value=
ac_cv_env_host_alias_set=
ac_cv_env_host_alias_value=
ac_cv_env_target_alias_set=
ac_cv_env_target_alias_value=
ac_cv_func_getpass=yes
ac_cv_func_malloc_0_nonnull=yes
ac_cv_func_memset=yes
ac_cv_func_realloc_0_nonnull=yes
ac_cv_header_inttypes_h=yes
ac_cv_header_limits_h=yes
ac_cv_header_memory_h=yes
ac_cv_header_stdc=yes
ac_cv_header_stdint_h=yes
ac_cv_header_stdlib_h=yes
ac_cv_header_string_h=yes
ac_cv_header_strings_h=yes
ac_cv_header_sys_stat_h=yes
ac_cv_header_sys_types_h=yes
ac_cv_header_termios_h=yes
ac_cv_header_unistd_h=yes
ac_cv_lib_crypto_CRYPTO_new_ex_data=yes
ac_cv_lib_crypto_main=yes
ac_cv_lib_ssl_OPENSSL_init_ssl=no
ac_cv_lib_ssl_SSL_library_init=yes
ac_cv_objext=o
ac_cv_path_EGREP='/bin/grep -E'
ac_cv_path_GREP=/bin/grep
ac_cv_path_install='/usr/bin/install -c'
ac_cv_path_mkdir=/bin/mkdir
ac_cv_prog_AWK=gawk
ac_cv_prog_CPP='gcc -E'
ac_cv_prog_ac_ct_CC=gcc
ac_cv_prog_cc_c89=
ac_cv_prog_cc_g=yes
ac_cv_prog_make_make_set=yes
ac_cv_type_size_t=yes
am_cv_CC_dependencies_compiler_type=gcc3
am_cv_make_support_nested_variables=yes
am_cv_prog_cc_c_o=yes

## ----------------- ##
## Output variables. ##
## ----------------- ##

ACLOCAL='${SHELL} /home/kenny/passmanager-automake/missing aclocal-1.15'
AMDEPBACKSLASH='\'
AMDEP_FALSE='#'
AMDEP_TRUE=''
AMTAR='$${TAR-tar}'
AM_BACKSLASH='\'
AM_DEFAULT_V='$(AM_DEFAULT_VERBOSITY)'
AM_DEFAULT_VERBOSITY='1'
AM_V='$(V)'
AUTOCONF='${SHELL} /home/kenny/passmanager-automake/missing autoconf'
AUTOHEADER='${SHELL} /home/kenny/passmanager-automake/missing autoheader'
AUTOMAKE='${SHELL} /home/kenny/passmanager-automake/missing automake-1.15'
AWK='gawk'
CC='gcc'
CCDEPMODE='depmode=gcc3'
CFLAGS='-g -O2'
CPP='gcc -E'
CPPFLAGS=''
CYGPATH_W='echo'
DEFS='-DHAVE_CONFIG_H'
DEPDIR='.deps'
ECHO_C=''
ECHO_N='-n'
ECHO_T=''
EGREP='/bin/grep -E'
EXEEXT=''
GREP='/bin/grep'
INSTALL_DATA='${INSTALL} -m 644'
INSTALL_PROGRAM='${INSTALL}'
INSTALL_SCRIPT='${INSTALL}'
INSTALL_STRIP_PROGRAM='$(install_sh) -c -s'
LDFLAGS=''
LIBOBJS=''
LIBS='-lcrypto -lcrypto '
LTLIBOBJS=''
MAINT='#'
MAINTAINER_MODE_FALSE=''
MAINTAINER_MODE_TRUE='#'
MAKEINFO='${SHELL} /home/kenny/passmanager-automake/missing makeinfo'
MKDIR_P='/bin/mkdir -p'
OBJEXT='o'
PACKAGE='passmanager'
PACKAGE_BUGREPORT=''
PACKAGE_NAME='passmanager'
PACKAGE_STRING='passmanager 2.0.0'
PACKAGE_TARNAME='passmanager'
PACKAGE_URL=''
PACKAGE_VERSION='2.0.0'
PATH_SEPARATOR=':'
SET_MAKE=''
SHELL='/bin/bash'
STRIP=''
VERSION='2.0.0'
ac_ct_CC='gcc'
am__EXEEXT_FALSE=''
am__EXEEXT_TRUE='#'
am__fastdepCC_FALSE='#'
am__fastdepCC_TRUE=''
am__include='include'
am__isrc=''
am__leading_dot='.'
am__nodep='_no'
am__quote=''
am__tar='$${TAR-tar} chof - "$$tardir"'
am__untar='$${TAR-tar} xf -'
bindir='${exec_prefix}/bin'
build_alias=''
datadir='${datarootdir}'
datarootdir='${prefix}/share'
docdir='${datarootdir}/doc/${PACKAGE_TARNAME}'
dvidir='${docdir}'
exec_prefix='${prefix}'
host_alias=''
htmldir='${docdir}'
includedir='${prefix}/include'
infodir='${datarootdir}/info'
install_sh='${SHELL} /home/kenny/passmanager-automake/install-sh'
libdir='${exec_prefix}/lib'
libexecdir='${exec_prefix}/libexec'
localedir='${datarootdir}/locale'
localstatedir='${prefix}/var'
mandir='${datarootdir}/man'
mkdir_p='$(MKDIR_P)'
oldincludedir='/usr/include'
pdfdir='${docdir}'
prefix='/usr/local'
program_transform_name='s,x,x,'
psdir='${docdir}'
runstatedir='${localstatedir}/run'
sbindir='${exec_prefix}/sbin'
sharedstatedir='${prefix}/com'
sysconfdir='${prefix}/etc'
target_alias=''

## ----------- ##
## confdefs.h. ##
## ----------- ##

/* confdefs.h */
#define PACKAGE_NAME "passmanager"
#define PACKAGE_TARNAME "passmanager"
#define PACKAGE_VERSION "2.0.0"
#define PACKAGE_STRING "passmanager 2.0.0"
#define PACKAGE_BUGREPORT ""
#define PACKAGE_URL ""
#define PACKAGE "passmanager"
#define VERSION "2.0.0"
#define HAVE_LIBCRYPTO 1
#define HAVE_LIBCRYPTO 1
#define STDC_HEADERS 1
#define HAVE_SYS_TYPES_H 1
#define HAVE_SYS_STAT_H 1
#define HAVE_STDLIB_H 1
#define HAVE_STRING_H 1
#define HAVE_MEMORY_H 1
#define HAVE_STRINGS_H 1
#define HAVE_INTTYPES_H 1
#define HAVE_STDINT_H 1
#define HAVE_UNISTD_H 1
#define HAVE_LIMITS_H 1
#define HAVE_STDLIB_H 1
#define HAVE_STRING_H 1
#define HAVE_TERMIOS_H 1
#define HAVE_UNISTD_H 1
#define HAVE_STDLIB_H 1
#define HAVE_MALLOC 1
#define HAVE_STDLIB_H 1
#define HAVE_REALLOC 1
#define HAVE_GETPASS 1
#define HAVE_MEMSET 1

configure: exit 0
